mobile/modules/pose-camera/android/build/intermediates/manifest_merge_blame_file/debug/processDebugManifest/manifest-merger-blame-debug-report.txt
1<?xml version="1.0" encoding="utf-8"?>
2<manifest xmlns:android="http://schemas.android.com/apk/res/android"
3    package="expo.modules.posecamera" >
4
5    <uses-sdk android:minSdkVersion="24" />
6
7    <uses-permission android:name="android.permission.CAMERA" />
7-->src/main/AndroidManifest.xml:2:3-63
7-->src/main/AndroidManifest.xml:2:20-60
8
9    <uses-feature
9-->src/main/AndroidManifest.xml:3:3-86
10        android:name="android.hardware.camera.any"
10-->src/main/AndroidManifest.xml:3:17-59
11        android:required="true" />
11-->src/main/AndroidManifest.xml:3:60-83
12
13</manifest>